2026-05-07 17:25:12 : WARNING: RAM usage is 64%
2026-05-07 17:25:12 : WARNING: Disk usage is 79%
2026-05-07 17:25:12 : CRITICAL: ssh stopped
2026-05-07 17:25:26 : WARNING: RAM usage is 64%
2026-05-07 17:25:26 : WARNING: Disk usage is 79%
2026-05-07 17:25:31 : WARNING: RAM usage is 64%
2026-05-07 17:25:31 : WARNING: Disk usage is 79%
2026-05-07 17:25:37 : WARNING: CPU usage is 68%
2026-05-07 17:25:37 : WARNING: RAM usage is 65%
2026-05-07 17:25:37 : WARNING: Disk usage is 79%
2026-05-07 17:25:42 : WARNING: RAM usage is 65%
2026-05-07 17:25:42 : WARNING: Disk usage is 79%
2026-05-07 17:25:47 : CRITICAL: CPU usage is 92%
2026-05-07 17:25:47 : WARNING: RAM usage is 65%
2026-05-07 17:25:47 : WARNING: Disk usage is 79%
2026-05-07 17:28:22 : CRITICAL: CPU usage is 88%
2026-05-07 17:28:22 : WARNING: RAM usage is 71%
2026-05-07 17:28:22 : WARNING: Disk usage is 78%
2026-05-07 17:28:22 : CRITICAL: ssh stopped
2026-05-07 17:28:47 : WARNING: CPU usage is 78%
2026-05-07 17:28:57 : WARNING: RAM usage is 71%
2026-05-07 17:29:08 : WARNING: Disk usage is 78%
2026-05-07 17:29:42 : CRITICAL: sshd stopped
